<?xml version="1.0" encoding="UTF-8"?>
<!-- Generated by org.testng.reporters.JUnitReportReporter -->
<testsuite skipped="0" hostname="DESKTOP-RN1QCP5" name="com.stadiumgood.stepdefination.Loging" tests="1" failures="0" timestamp="31 Oct 2019 17:45:10 GMT" time="19.639" errors="0">
  <testcase name="initialize" time="19.639" classname="com.stadiumgood.stepdefination.Loging"/>
</testsuite> <!-- com.stadiumgood.stepdefination.Loging -->
