<?xml version="1.0" encoding="UTF-8"?>
<!-- Generated by org.testng.reporters.JUnitReportReporter -->
<testsuite skipped="0" hostname="DESKTOP-RN1QCP5" name="org.stadiumgoods.com.testrunner.RunCucumberTest" tests="1" failures="0" timestamp="02 Nov 2019 23:15:02 GMT" time="12.825" errors="0">
  <testcase name="feature" time="12.825" classname="org.stadiumgoods.com.testrunner.RunCucumberTest"/>
</testsuite> <!-- org.stadiumgoods.com.testrunner.RunCucumberTest -->
